Created by PLY version 3.11 (http://www.dabeaz.com/ply)

Unused terminals:

    DIVIDE
    EQUALSEQUALS
    LPAREN
    MINUS
    NUMBER
    PLUS
    RPAREN
    TIMES

Grammar

Rule 0     S' -> statement
Rule 1     statement -> NAME EQUALS expression

Terminals, with rules where they appear

DIVIDE               : 
EQUALS               : 1
EQUALSEQUALS         : 
LPAREN               : 
MINUS                : 
NAME                 : 1
NUMBER               : 
PLUS                 : 
RPAREN               : 
TIMES                : 
error                : 

Nonterminals, with rules where they appear

expression           : 1
statement            : 0

